<?xml version="1.0" encoding="UTF-8"?>
<!-- Generated by org.testng.reporters.JUnitReportReporter -->
<testsuite hostname="LAPTOP-FDINV713" name="Twitter_Test.TwitterSignUpTest" tests="1" failures="0" timestamp="15 Oct 2018 18:37:42 GMT" time="54.585" errors="0">
  <testcase name="signuptest" time="54.585" classname="Twitter_Test.TwitterSignUpTest"/>
</testsuite> <!-- Twitter_Test.TwitterSignUpTest -->
