<?xml version="1.0" encoding="UTF-8"?>
<!-- Generated by org.testng.reporters.JUnitReportReporter -->
<testsuite hostname="LAPTOP-FDINV713" name="Twitter_core.TwitterCoreQA" tests="1" failures="0" timestamp="15 Oct 2018 15:00:18 GMT" time="72.099" errors="0">
  <testcase name="initialization" time="72.099" classname="Twitter_core.TwitterCoreQA"/>
</testsuite> <!-- Twitter_core.TwitterCoreQA -->
